19 12
227
0 7 18 11
6 5 6 4
4 0 5 0
3 1 3 2
8 2 8 3
7 0 7 1
13 10 13 9
0 9 0 8
6 7 7 7
4 9 4 10
12 11 11 11
9 11 10 11
3 4 2 4
18 7 17 7
15 0 16 0
9 9 9 8
5 8 5 9
7 6 7 5
6 5 5 5
2 2 2 1
12 2 11 2
1 7 2 7
0 10 0 11
12 6 11 6
15 7 15 8
3 4 4 4
6 4 7 4
3 7 4 7
7 6 7 7
3 0 2 0
12 8 12 9
8 9 7 9
10 9 9 9
11 0 11 1
14 1 13 1
4 3 3 3
2 1 2 0
11 9 11 10
17 0 17 1
3 10 3 9
6 1 5 1
4 7 4 6
1 10 0 10
2 4 1 4
15 9 15 8
11 0 10 0
9 10 10 10
10 9 11 9
14 10 15 10
16 8 15 8
10 10 11 10
12 10 12 11
16 3 17 3
16 1 17 1
0 3 1 3
17 2 17 3
15 5 15 4
14 2 14 1
16 5 16 6
13 3 14 3
8 6 8 7
8 8 7 8
10 9 10 8
14 4 14 5
0 8 1 8
7 8 6 8
4 3 4 4
2 8 1 8
14 7 13 7
13 8 13 9
10 7 10 8
18 9 17 9
15 3 15 4
7 9 6 9
3 6 3 5
9 7 9 6
1 7 0 7
1 3 1 4
13 4 13 5
13 6 13 5
16 0 17 0
17 4 17 5
11 7 11 6
13 5 12 5
8 9 8 8
2 0 1 0
1 1 2 1
1 3 1 2
0 4 0 3
8 9 9 9
5 9 5 10
16 11 17 11
18 3 17 3
18 5 17 5
14 9 15 9
0 6 0 5
16 3 16 2
6 11 7 11
6 6 7 6
2 4 2 3
15 8 14 8
10 5 10 4
9 2 8 2
9 7 9 8
13 4 12 4
1 9 1 10
18 9 18 8
15 2 15 1
11 3 11 4
9 5 9 6
14 5 13 5
9 3 9 2
17 6 16 6
17 7 16 7
11 8 10 8
11 3 12 3
8 3 7 3
6 0 6 1
5 10 5 11
5 8 6 8
6 7 6 8
5 3 4 3
15 4 16 4
10 5 11 5
4 3 4 2
13 11 12 11
17 9 16 9
18 11 17 11
7 3 7 4
13 9 12 9
0 1 0 0
3 1 4 1
15 7 15 6
9 6 10 6
18 7 18 8
15 7 16 7
12 9 12 10
12 8 12 7
16 10 17 10
2 8 3 8
3 8 3 7
10 3 9 3
7 2 6 2
5 10 4 10
17 4 18 4
7 9 7 10
11 5 11 6
14 3 14 2
11 2 10 2
2 6 1 6
1 2 2 2
9 0 10 0
9 3 9 4
16 4 16 3
13 3 13 2
2 11 3 11
3 8 4 8
11 7 12 7
8 3 8 4
14 7 14 8
5 2 5 1
5 10 6 10
7 3 6 3
12 0 11 0
15 11 14 11
9 5 9 4
4 2 5 2
4 2 4 1
17 4 16 4
3 6 2 6
8 10 8 11
9 0 9 1
18 5 18 6
9 1 8 1
0 9 0 10
11 10 12 10
5 0 5 1
5 11 4 11
2 7 3 7
8 4 8 5
13 8 14 8
3 9 4 9
14 6 14 7
18 6 17 6
2 9 2 8
4 5 3 5
12 2 12 3
1 2 0 2
3 5 3 4
11 5 11 4
13 6 12 6
15 9 15 10
3 10 2 10
1 5 2 5
3 11 4 11
14 0 15 0
4 8 5 8
8 0 7 0
0 1 0 2
14 11 14 10
2 7 2 6
15 2 15 3
14 2 15 2
6 2 5 2
6 7 5 7
16 7 16 6
10 2 10 1
1 4 1 5
6 6 5 6
11 1 12 1
9 0 8 0
7 11 7 10
16 11 15 11
7 1 7 2
13 0 14 0
17 8 17 9
2 11 1 11
17 0 18 0
8 7 7 7
9 10 9 11
17 2 17 1
7 10 8 10
1 5 0 5
17 11 17 10
5 4 5 5
18 1 17 1
18 10 18 11
18 2 17 2
